<?xml version="1.0" encoding="UTF-8"?>
<!-- Generated by org.testng.reporters.JUnitXMLReporter -->
<testsuite ignored="0" hostname="PC-ICEN350" failures="0" tests="2" name="Error Validations Tests" time="65.111" errors="0" timestamp="2022-12-16T17:07:37 EST">
  <testcase classname="Centric.ShoppingStoreTests.ErrorValidationTest" name="invalidPassword" time="3.588"/>
  <testcase classname="Centric.ShoppingStoreTests.ErrorValidationTest" name="invalidUserID" time="2.594"/>
</testsuite> <!-- Error Validations Tests -->
