<?xml version="1.0" encoding="UTF-8"?>
<!-- Generated by org.testng.reporters.JUnitXMLReporter -->
<testsuite ignored="0" hostname="PC-ICEN350" failures="0" tests="3" name="Submit Order Test" time="117.718" errors="0" timestamp="2022-12-16T17:08:27 EST">
  <testcase classname="Centric.ShoppingStoreTests.SubmitOrderTest" name="submitOrder" time="33.365"/>
  <testcase classname="Centric.ShoppingStoreTests.SubmitOrderTest" name="submitOrder" time="18.34"/>
  <testcase classname="Centric.ShoppingStoreTests.SubmitOrderTest" name="orderNumberHistory" time="10.022"/>
</testsuite> <!-- Submit Order Test -->
