<?xml version="1.0" encoding="UTF-8"?>
<testng-results ignored="0" total="2" passed="2" failed="0" skipped="0">
  <reporter-output>
  </reporter-output>
  <suite started-at="2022-12-16T17:27:23 EST" name="Default suite" finished-at="2022-12-16T17:27:44 EST" duration-ms="21179">
    <groups>
      <group name="cucumber">
        <method signature="AbstractTestNGCucumberTests.runScenario(io.cucumber.testng.PickleWrapper,io.cucumber.testng.FeatureWrapper)[pri:0, instance:cucumbertests.TestNGTestRunner@268f106e]" name="runScenario" class="io.cucumber.testng.AbstractTestNGCucumberTests"/>
      </group> <!-- cucumber -->
    </groups>
    <test started-at="2022-12-16T17:27:23 EST" name="Default test" finished-at="2022-12-16T17:27:44 EST" duration-ms="21179">
      <class name="cucumbertests.TestNGTestRunner">
        <test-method is-config="true" signature="setUpClass(org.testng.ITestContext)[pri:0, instance:cucumbertests.TestNGTestRunner@268f106e]" started-at="2022-12-16T17:27:23 EST" name="setUpClass" finished-at="2022-12-16T17:27:25 EST" duration-ms="2433" status="PASS">
          <params>
            <param index="0">
              <value>
                <![CDATA[org.testng.TestRunner@6097fca9]]>
              </value>
            </param>
          </params>
          <reporter-output>
          </reporter-output>
        </test-method> <!-- setUpClass -->
        <test-method signature="runScenario(io.cucumber.testng.PickleWrapper,io.cucumber.testng.FeatureWrapper)[pri:0, instance:cucumbertests.TestNGTestRunner@268f106e]" started-at="2022-12-16T17:27:25 EST" name="runScenario" description="Runs Cucumber Scenarios" data-provider="scenarios" finished-at="2022-12-16T17:27:38 EST" duration-ms="12163" status="PASS">
          <params>
            <param index="0">
              <value>
                <![CDATA["Invalid UserID"]]>
              </value>
            </param>
            <param index="1">
              <value>
                <![CDATA["Error Validation"]]>
              </value>
            </param>
          </params>
          <reporter-output>
          </reporter-output>
        </test-method> <!-- runScenario -->
        <test-method signature="runScenario(io.cucumber.testng.PickleWrapper,io.cucumber.testng.FeatureWrapper)[pri:0, instance:cucumbertests.TestNGTestRunner@268f106e]" started-at="2022-12-16T17:27:38 EST" name="runScenario" description="Runs Cucumber Scenarios" data-provider="scenarios" finished-at="2022-12-16T17:27:44 EST" duration-ms="6280" status="PASS">
          <params>
            <param index="0">
              <value>
                <![CDATA["Invalid Password"]]>
              </value>
            </param>
            <param index="1">
              <value>
                <![CDATA["Error Validation"]]>
              </value>
            </param>
          </params>
          <reporter-output>
          </reporter-output>
        </test-method> <!-- runScenario -->
        <test-method is-config="true" signature="tearDownClass()[pri:0, instance:cucumbertests.TestNGTestRunner@268f106e]" started-at="2022-12-16T17:27:44 EST" name="tearDownClass" finished-at="2022-12-16T17:27:44 EST" duration-ms="132" status="PASS">
          <reporter-output>
          </reporter-output>
        </test-method> <!-- tearDownClass -->
      </class> <!-- cucumbertests.TestNGTestRunner -->
    </test> <!-- Default test -->
  </suite> <!-- Default suite -->
</testng-results>
